#
# There is insufficient memory for the Java Runtime Environment to continue.
# Native memory allocation (malloc) failed to allocate 32744 bytes. Error detail: Chunk::new
# Possible reasons:
#   The system is out of physical RAM or swap space
#   This process is running with CompressedOops enabled, and the Java Heap may be blocking the growth of the native heap
# Possible solutions:
#   Reduce memory load on the system
#   Increase physical memory or swap space
#   Check if swap backing store is full
#   Decrease Java heap size (-Xmx/-Xms)
#   Decrease number of Java threads
#   Decrease Java thread stack sizes (-Xss)
#   Set larger code cache with -XX:ReservedCodeCacheSize=
#   JVM is running with Unscaled Compressed Oops mode in which the Java heap is
#     placed in the first 4GB address space. The Java Heap base address is the
#     maximum limit for the native heap growth. Please use -XX:HeapBaseMinAddress
#     to set the Java Heap base and to place the Java Heap above 4GB virtual address.
# This output file may be truncated or incomplete.
#
#  Out of Memory Error (arena.cpp:168), pid=3484, tid=2712
#
# JRE version: OpenJDK Runtime Environment Temurin-21.0.10+7 (21.0.10+7) (build 21.0.10+7-LTS)
# Java VM: OpenJDK 64-Bit Server VM Temurin-21.0.10+7 (21.0.10+7-LTS, mixed mode, sharing, tiered, compressed oops, compressed class ptrs, parallel gc, windows-amd64)
# No core dump will be written. Minidumps are not enabled by default on client versions of Windows
#

---------------  S U M M A R Y ------------

Command Line: --add-modules=ALL-SYSTEM --add-opens=java.base/java.util=ALL-UNNAMED --add-opens=java.base/java.lang=ALL-UNNAMED --add-opens=java.base/sun.nio.fs=ALL-UNNAMED -Declipse.application=org.eclipse.jdt.ls.core.id1 -Dosgi.bundles.defaultStartLevel=4 -Declipse.product=org.eclipse.jdt.ls.core.product -Djava.import.generatesMetadataFilesAtProjectRoot=false -DDetectVMInstallationsJob.disabled=true -Dfile.encoding=utf8 -XX:+UseParallelGC -XX:GCTimeRatio=4 -XX:AdaptiveSizePolicyWeight=90 -Dsun.zip.disableMemoryMapping=true -Xmx2G -Xms100m -Xlog:disable -javaagent:c:\Users\Dell\.vscode\extensions\redhat.java-1.54.0-win32-x64\lombok\lombok-1.18.39-4050.jar -XX:+HeapDumpOnOutOfMemoryError -XX:HeapDumpPath=c:\Users\Dell\AppData\Roaming\Code\User\workspaceStorage\3b8aa8ee13be0934b84e97456a24346c\redhat.java -Daether.dependencyCollector.impl=bf c:\Users\Dell\.vscode\extensions\redhat.java-1.54.0-win32-x64\server\plugins\org.eclipse.equinox.launcher_1.7.100.v20251111-0406.jar -configuration c:\Users\Dell\AppData\Roaming\Code\User\globalStorage\redhat.java\1.54.0\config_win -data c:\Users\Dell\AppData\Roaming\Code\User\workspaceStorage\3b8aa8ee13be0934b84e97456a24346c\redhat.java\jdt_ws --pipe=\\.\pipe\lsp-b91215a7672db8540da4e328ff1b1173-sock

Host: Intel(R) Core(TM) i3-7020U CPU @ 2.30GHz, 4 cores, 3G,  Windows 10 , 64 bit Build 19041 (10.0.19041.7291)
Time: Sat May 16 14:07:52 2026 India Standard Time elapsed time: 54.882521 seconds (0d 0h 0m 54s)

---------------  T H R E A D  ---------------

Current thread (0x0000022fe40214b0):  JavaThread "C1 CompilerThread0" daemon [_thread_in_native, id=2712, stack(0x0000005fa5b00000,0x0000005fa5c00000) (1024K)]


Current CompileTask:
C1:54882 4658       3       java.io.File::getCanonicalPath (31 bytes)

Stack: [0x0000005fa5b00000,0x0000005fa5c00000]
Native frames: (J=compiled Java code, j=interpreted, Vv=VM code, C=native code)
V  [jvm.dll+0x6d7a39]
V  [jvm.dll+0x8b4b26]
V  [jvm.dll+0x8b70de]
V  [jvm.dll+0x8b77c3]
V  [jvm.dll+0x284346]
V  [jvm.dll+0xc66ed]
V  [jvm.dll+0xc6c31]
V  [jvm.dll+0x1981a3]
V  [jvm.dll+0x199740]
V  [jvm.dll+0x19c782]
V  [jvm.dll+0x1573b5]
V  [jvm.dll+0x156c57]
V  [jvm.dll+0x156e84]
V  [jvm.dll+0x15629c]
V  [jvm.dll+0x15802d]
V  [jvm.dll+0x25b85d]
V  [jvm.dll+0x259dea]
V  [jvm.dll+0x3f857e]
V  [jvm.dll+0x85f59d]
V  [jvm.dll+0x6d626d]
C  [ucrtbase.dll+0x21bb2]
C  [KERNEL32.DLL+0x17374]
C  [ntdll.dll+0x4cc91]


---------------  P R O C E S S  ---------------

Threads class SMR info:
_java_thread_list=0x0000022feb52d290, length=23, elements={
0x0000022fcd61e9e0, 0x0000022fe4009880, 0x0000022fe400b190, 0x0000022fe400ed30,
0x0000022fe4011b60, 0x0000022fe4013730, 0x0000022fe4014190, 0x0000022fe401dc10,
0x0000022fe40214b0, 0x0000022fe90c24f0, 0x0000022fe9268630, 0x0000022fe9964ff0,
0x0000022fe97f1080, 0x0000022fe97f16f0, 0x0000022fe97a4610, 0x0000022fe9fd8fe0,
0x0000022fe95f7680, 0x0000022fe95f8a30, 0x0000022fe95f83a0, 0x0000022fe95f7d10,
0x0000022fead92020, 0x0000022fead905e0, 0x0000022fead8d7f0
}

Java Threads: ( => current thread )
  0x0000022fcd61e9e0 JavaThread "main"                              [_thread_blocked, id=3328, stack(0x0000005fa5000000,0x0000005fa5100000) (1024K)]
  0x0000022fe4009880 JavaThread "Reference Handler"          daemon [_thread_blocked, id=14128, stack(0x0000005fa5400000,0x0000005fa5500000) (1024K)]
  0x0000022fe400b190 JavaThread "Finalizer"                  daemon [_thread_blocked, id=12416, stack(0x0000005fa5500000,0x0000005fa5600000) (1024K)]
  0x0000022fe400ed30 JavaThread "Signal Dispatcher"          daemon [_thread_blocked, id=244, stack(0x0000005fa5600000,0x0000005fa5700000) (1024K)]
  0x0000022fe4011b60 JavaThread "Attach Listener"            daemon [_thread_blocked, id=12400, stack(0x0000005fa5700000,0x0000005fa5800000) (1024K)]
  0x0000022fe4013730 JavaThread "Service Thread"             daemon [_thread_blocked, id=12304, stack(0x0000005fa5800000,0x0000005fa5900000) (1024K)]
  0x0000022fe4014190 JavaThread "Monitor Deflation Thread"   daemon [_thread_blocked, id=13924, stack(0x0000005fa5900000,0x0000005fa5a00000) (1024K)]
  0x0000022fe401dc10 JavaThread "C2 CompilerThread0"         daemon [_thread_in_native, id=9084, stack(0x0000005fa5a00000,0x0000005fa5b00000) (1024K)]
=>0x0000022fe40214b0 JavaThread "C1 CompilerThread0"         daemon [_thread_in_native, id=2712, stack(0x0000005fa5b00000,0x0000005fa5c00000) (1024K)]
  0x0000022fe90c24f0 JavaThread "Common-Cleaner"             daemon [_thread_blocked, id=3376, stack(0x0000005fa5c00000,0x0000005fa5d00000) (1024K)]
  0x0000022fe9268630 JavaThread "Notification Thread"        daemon [_thread_blocked, id=6416, stack(0x0000005fa5d00000,0x0000005fa5e00000) (1024K)]
  0x0000022fe9964ff0 JavaThread "Active Thread: Equinox Container: 398f713a-6c46-4e74-8547-fd68c6b671fa"        [_thread_blocked, id=4904, stack(0x0000005fa6500000,0x0000005fa6600000) (1024K)]
  0x0000022fe97f1080 JavaThread "Framework Event Dispatcher: Equinox Container: 398f713a-6c46-4e74-8547-fd68c6b671fa" daemon [_thread_blocked, id=12076, stack(0x0000005fa6100000,0x0000005fa6200000) (1024K)]
  0x0000022fe97f16f0 JavaThread "Start Level: Equinox Container: 398f713a-6c46-4e74-8547-fd68c6b671fa" daemon [_thread_in_native, id=9708, stack(0x0000005fa6200000,0x0000005fa6300000) (1024K)]
  0x0000022fe97a4610 JavaThread "Bundle File Closer"         daemon [_thread_blocked, id=11664, stack(0x0000005fa6300000,0x0000005fa6400000) (1024K)]
  0x0000022fe9fd8fe0 JavaThread "Refresh Thread: Equinox Container: 398f713a-6c46-4e74-8547-fd68c6b671fa" daemon [_thread_blocked, id=7840, stack(0x0000005fa6400000,0x0000005fa6500000) (1024K)]
  0x0000022fe95f7680 JavaThread "SCR Component Actor"        daemon [_thread_blocked, id=13500, stack(0x0000005fa6600000,0x0000005fa6700000) (1024K)]
  0x0000022fe95f8a30 JavaThread "Worker-JM"                         [_thread_blocked, id=10296, stack(0x0000005fa6700000,0x0000005fa6800000) (1024K)]
  0x0000022fe95f83a0 JavaThread "Worker-0: Updating Maven Dependencies"        [_thread_in_Java, id=13564, stack(0x0000005fa6800000,0x0000005fa6900000) (1024K)]
  0x0000022fe95f7d10 JavaThread "Worker-1: Repository registry initialization"        [_thread_blocked, id=4916, stack(0x0000005fa6900000,0x0000005fa6a00000) (1024K)]
  0x0000022fead92020 JavaThread "Worker-2"                          [_thread_blocked, id=13932, stack(0x0000005fa6a00000,0x0000005fa6b00000) (1024K)]
  0x0000022fead905e0 JavaThread "Worker-3"                          [_thread_blocked, id=13872, stack(0x0000005fa6b00000,0x0000005fa6c00000) (1024K)]
  0x0000022fead8d7f0 JavaThread "Java indexing"              daemon [_thread_blocked, id=14288, stack(0x0000005fa6c00000,0x0000005fa6d00000) (1024K)]
Total: 23

Other Threads:
  0x0000022fcd6dc880 VMThread "VM Thread"                           [id=4664, stack(0x0000005fa5300000,0x0000005fa5400000) (1024K)]
  0x0000022fcd688570 WatcherThread "VM Periodic Task Thread"        [id=12948, stack(0x0000005fa5200000,0x0000005fa5300000) (1024K)]
  0x0000022fcd63cc50 WorkerThread "GC Thread#0"                     [id=13552, stack(0x0000005fa5100000,0x0000005fa5200000) (1024K)]
  0x0000022fe929b890 WorkerThread "GC Thread#1"                     [id=11552, stack(0x0000005fa5e00000,0x0000005fa5f00000) (1024K)]
  0x0000022fe932d7e0 WorkerThread "GC Thread#2"                     [id=13892, stack(0x0000005fa5f00000,0x0000005fa6000000) (1024K)]
  0x0000022fe929bc40 WorkerThread "GC Thread#3"                     [id=6452, stack(0x0000005fa6000000,0x0000005fa6100000) (1024K)]
Total: 6

Threads with active compile tasks:
C2 CompilerThread0  55180 4591   !   4       org.eclipse.osgi.internal.loader.classpath.ClasspathManager::findClassImpl (328 bytes)
C1 CompilerThread0  55180 4658       3       java.io.File::getCanonicalPath (31 bytes)
Total: 2

VM state: not at safepoint (normal execution)

VM Mutex/Monitor currently owned by a thread: None

Heap address: 0x0000000080000000, size: 2048 MB, Compressed Oops mode: 32-bit

CDS archive(s) mapped at: [0x0000022f80000000-0x0000022f80ba0000-0x0000022f80ba0000), size 12189696, SharedBaseAddress: 0x0000022f80000000, ArchiveRelocationMode: 1.
Compressed class space mapped at: 0x0000022f81000000-0x0000022fc1000000, reserved size: 1073741824
Narrow klass base: 0x0000022f80000000, Narrow klass shift: 0, Narrow klass range: 0x100000000

GC Precious Log:
 CardTable entry size: 512
 CPUs: 4 total, 4 available
 Memory: 3962M
 Large Page Support: Disabled
 NUMA Support: Disabled
 Compressed Oops: Enabled (32-bit)
 Alignments: Space 512K, Generation 512K, Heap 2M
 Heap Min Capacity: 100M
 Heap Initial Capacity: 100M
 Heap Max Capacity: 2G
 Pre-touch: Disabled
 Parallel Workers: 4

Heap:
 PSYoungGen      total 23040K, used 15636K [0x00000000d5580000, 0x00000000d7100000, 0x0000000100000000)
  eden space 22016K, 67% used [0x00000000d5580000,0x00000000d641c3a0,0x00000000d6b00000)
  from space 1024K, 65% used [0x00000000d7000000,0x00000000d70a8e48,0x00000000d7100000)
  to   space 1024K, 0% used [0x00000000d6f00000,0x00000000d6f00000,0x00000000d7000000)
 ParOldGen       total 68608K, used 15475K [0x0000000080000000, 0x0000000084300000, 0x00000000d5580000)
  object space 68608K, 22% used [0x0000000080000000,0x0000000080f1cc70,0x0000000084300000)
 Metaspace       used 29343K, committed 30272K, reserved 1114112K
  class space    used 2922K, committed 3328K, reserved 1048576K

Card table byte_map: [0x0000022fccfc0000,0x0000022fcd3d0000] _byte_map_base: 0x0000022fccbc0000

Marking Bits: (ParMarkBitMap*) 0x00007ffef8033450
 Begin Bits: [0x0000022fdfad0000, 0x0000022fe1ad0000)
 End Bits:   [0x0000022fe1ad0000, 0x0000022fe3ad0000)

Polling page: 0x0000022fcb4e0000

Metaspace:

Usage:
  Non-class:     25.80 MB used.
      Class:      2.85 MB used.
       Both:     28.66 MB used.

Virtual space:
  Non-class space:       64.00 MB reserved,      26.31 MB ( 41%) committed,  1 nodes.
      Class space:        1.00 GB reserved,       3.25 MB ( <1%) committed,  1 nodes.
             Both:        1.06 GB reserved,      29.56 MB (  3%) committed. 

Chunk freelists:
   Non-Class:  5.41 MB
       Class:  12.73 MB
        Both:  18.14 MB

MaxMetaspaceSize: unlimited
CompressedClassSpaceSize: 1.00 GB
Initial GC threshold: 21.00 MB
Current GC threshold: 35.00 MB
CDS: on
 - commit_granule_bytes: 65536.
 - commit_granule_words: 8192.
 - virtual_space_node_default_size: 8388608.
 - enlarge_chunks_in_place: 1.
 - use_allocation_guard: 0.


Internal statistics:

num_allocs_failed_limit: 3.
num_arena_births: 658.
num_arena_deaths: 14.
num_vsnodes_births: 2.
num_vsnodes_deaths: 0.
num_space_committed: 473.
num_space_uncommitted: 0.
num_chunks_returned_to_freelist: 17.
num_chunks_taken_from_freelist: 1864.
num_chunk_merges: 7.
num_chunk_splits: 1185.
num_chunks_enlarged: 720.
num_inconsistent_stats: 0.

CodeHeap 'non-profiled nmethods': size=120000Kb used=2191Kb max_used=2191Kb free=117809Kb
 bounds [0x0000022fd82f0000, 0x0000022fd8560000, 0x0000022fdf820000]
CodeHeap 'profiled nmethods': size=120000Kb used=10309Kb max_used=10309Kb free=109691Kb
 bounds [0x0000022fd0820000, 0x0000022fd1240000, 0x0000022fd7d50000]
CodeHeap 'non-nmethods': size=5760Kb used=1324Kb max_used=1338Kb free=4435Kb
 bounds [0x0000022fd7d50000, 0x0000022fd7fc0000, 0x0000022fd82f0000]
CodeCache: size=245760Kb, used=13824Kb, max_used=13838Kb, free=231935Kb
 total_blobs=5264, nmethods=4652, adapters=518, full_count=0
Compilation: enabled, stopped_count=0, restarted_count=0

Compilation events (20 events):
Event: 54.751 Thread 0x0000022fe40214b0 nmethod 4646 0x0000022fd8512910 code [0x0000022fd8512aa0, 0x0000022fd8512b50]
Event: 54.754 Thread 0x0000022fe40214b0 4648       3       org.lombokweb.asm.MethodVisitor::visitFrame (22 bytes)
Event: 54.755 Thread 0x0000022fe40214b0 nmethod 4648 0x0000022fd122ba90 code [0x0000022fd122bc40, 0x0000022fd122be48]
Event: 54.755 Thread 0x0000022fe40214b0 4649       3       lombok.patcher.Hook::getClassSpec (8 bytes)
Event: 54.755 Thread 0x0000022fe40214b0 nmethod 4649 0x0000022fd122bf10 code [0x0000022fd122c0c0, 0x0000022fd122c1f8]
Event: 54.755 Thread 0x0000022fe40214b0 4650       3       lombok.patcher.scripts.ReplaceMethodCallScript$ReplaceMethodCall::visitMethodInsn (250 bytes)
Event: 54.757 Thread 0x0000022fe40214b0 nmethod 4650 0x0000022fd122c290 code [0x0000022fd122c640, 0x0000022fd122dbd8]
Event: 54.757 Thread 0x0000022fe40214b0 4651       3       org.lombokweb.asm.MethodVisitor::visitLocalVariable (24 bytes)
Event: 54.757 Thread 0x0000022fe40214b0 nmethod 4651 0x0000022fd122e510 code [0x0000022fd122e6c0, 0x0000022fd122e8d0]
Event: 54.758 Thread 0x0000022fe40214b0 4653       3       java.util.regex.Matcher::<init> (95 bytes)
Event: 54.758 Thread 0x0000022fe40214b0 nmethod 4653 0x0000022fd122e990 code [0x0000022fd122eb60, 0x0000022fd122f010]
Event: 54.759 Thread 0x0000022fe40214b0 4654       3       org.lombokweb.asm.MethodWriter::visitTypeInsn (116 bytes)
Event: 54.760 Thread 0x0000022fe40214b0 nmethod 4654 0x0000022fd122f190 code [0x0000022fd122f380, 0x0000022fd122f7e8]
Event: 54.760 Thread 0x0000022fe40214b0 4655       3       org.lombokweb.asm.MethodWriter::endCurrentBasicBlockWithNoSuccessor (98 bytes)
Event: 54.761 Thread 0x0000022fe40214b0 nmethod 4655 0x0000022fd122fa10 code [0x0000022fd122fc00, 0x0000022fd12300c8]
Event: 54.762 Thread 0x0000022fe40214b0 4656       2       java.util.regex.Pattern$BmpCharPropertyGreedy::match (89 bytes)
Event: 54.762 Thread 0x0000022fe40214b0 nmethod 4656 0x0000022fd1230290 code [0x0000022fd1230460, 0x0000022fd12307d0]
Event: 54.780 Thread 0x0000022fe40214b0 4657       3       java.lang.Module::isStaticallyExportedOrOpen (70 bytes)
Event: 54.781 Thread 0x0000022fe40214b0 nmethod 4657 0x0000022fd1230990 code [0x0000022fd1230ba0, 0x0000022fd1231250]
Event: 54.801 Thread 0x0000022fe40214b0 4658       3       java.io.File::getCanonicalPath (31 bytes)

GC Heap History (20 events):
Event: 27.579 GC heap before
{Heap before GC invocations=4 (full 0):
 PSYoungGen      total 29696K, used 29672K [0x00000000d5580000, 0x00000000d7680000, 0x0000000100000000)
  eden space 25600K, 100% used [0x00000000d5580000,0x00000000d6e80000,0x00000000d6e80000)
  from space 4096K, 99% used [0x00000000d6e80000,0x00000000d727a3a0,0x00000000d7280000)
  to   space 4096K, 0% used [0x00000000d7280000,0x00000000d7280000,0x00000000d7680000)
 ParOldGen       total 68608K, used 4328K [0x0000000080000000, 0x0000000084300000, 0x00000000d5580000)
  object space 68608K, 6% used [0x0000000080000000,0x000000008043a018,0x0000000084300000)
 Metaspace       used 10198K, committed 10432K, reserved 1114112K
  class space    used 1051K, committed 1152K, reserved 1048576K
}
Event: 27.588 GC heap after
{Heap after GC invocations=4 (full 0):
 PSYoungGen      total 29696K, used 4077K [0x00000000d5580000, 0x00000000d7680000, 0x0000000100000000)
  eden space 25600K, 0% used [0x00000000d5580000,0x00000000d5580000,0x00000000d6e80000)
  from space 4096K, 99% used [0x00000000d7280000,0x00000000d767b570,0x00000000d7680000)
  to   space 4096K, 0% used [0x00000000d6e80000,0x00000000d6e80000,0x00000000d7280000)
 ParOldGen       total 68608K, used 5669K [0x0000000080000000, 0x0000000084300000, 0x00000000d5580000)
  object space 68608K, 8% used [0x0000000080000000,0x0000000080589650,0x0000000084300000)
 Metaspace       used 10198K, committed 10432K, reserved 1114112K
  class space    used 1051K, committed 1152K, reserved 1048576K
}
Event: 45.650 GC heap before
{Heap before GC invocations=5 (full 0):
 PSYoungGen      total 29696K, used 29677K [0x00000000d5580000, 0x00000000d7680000, 0x0000000100000000)
  eden space 25600K, 100% used [0x00000000d5580000,0x00000000d6e80000,0x00000000d6e80000)
  from space 4096K, 99% used [0x00000000d7280000,0x00000000d767b570,0x00000000d7680000)
  to   space 4096K, 0% used [0x00000000d6e80000,0x00000000d6e80000,0x00000000d7280000)
 ParOldGen       total 68608K, used 5669K [0x0000000080000000, 0x0000000084300000, 0x00000000d5580000)
  object space 68608K, 8% used [0x0000000080000000,0x0000000080589650,0x0000000084300000)
 Metaspace       used 10667K, committed 11008K, reserved 1114112K
  class space    used 1069K, committed 1216K, reserved 1048576K
}
Event: 45.661 GC heap after
{Heap after GC invocations=5 (full 0):
 PSYoungGen      total 29184K, used 4076K [0x00000000d5580000, 0x00000000d7900000, 0x0000000100000000)
  eden space 25088K, 0% used [0x00000000d5580000,0x00000000d5580000,0x00000000d6e00000)
  from space 4096K, 99% used [0x00000000d6e80000,0x00000000d727b0c8,0x00000000d7280000)
  to   space 5632K, 0% used [0x00000000d7380000,0x00000000d7380000,0x00000000d7900000)
 ParOldGen       total 68608K, used 7023K [0x0000000080000000, 0x0000000084300000, 0x00000000d5580000)
  object space 68608K, 10% used [0x0000000080000000,0x00000000806dbc28,0x0000000084300000)
 Metaspace       used 10667K, committed 11008K, reserved 1114112K
  class space    used 1069K, committed 1216K, reserved 1048576K
}
Event: 47.957 GC heap before
{Heap before GC invocations=6 (full 0):
 PSYoungGen      total 29184K, used 29164K [0x00000000d5580000, 0x00000000d7900000, 0x0000000100000000)
  eden space 25088K, 100% used [0x00000000d5580000,0x00000000d6e00000,0x00000000d6e00000)
  from space 4096K, 99% used [0x00000000d6e80000,0x00000000d727b0c8,0x00000000d7280000)
  to   space 5632K, 0% used [0x00000000d7380000,0x00000000d7380000,0x00000000d7900000)
 ParOldGen       total 68608K, used 7023K [0x0000000080000000, 0x0000000084300000, 0x00000000d5580000)
  object space 68608K, 10% used [0x0000000080000000,0x00000000806dbc28,0x0000000084300000)
 Metaspace       used 14098K, committed 14528K, reserved 1114112K
  class space    used 1422K, committed 1600K, reserved 1048576K
}
Event: 47.970 GC heap after
{Heap after GC invocations=6 (full 0):
 PSYoungGen      total 29696K, used 4740K [0x00000000d5580000, 0x00000000d7880000, 0x0000000100000000)
  eden space 24576K, 0% used [0x00000000d5580000,0x00000000d5580000,0x00000000d6d80000)
  from space 5120K, 92% used [0x00000000d7380000,0x00000000d7821018,0x00000000d7880000)
  to   space 5120K, 0% used [0x00000000d6e80000,0x00000000d6e80000,0x00000000d7380000)
 ParOldGen       total 68608K, used 7095K [0x0000000080000000, 0x0000000084300000, 0x00000000d5580000)
  object space 68608K, 10% used [0x0000000080000000,0x00000000806edc38,0x0000000084300000)
 Metaspace       used 14098K, committed 14528K, reserved 1114112K
  class space    used 1422K, committed 1600K, reserved 1048576K
}
Event: 51.494 GC heap before
{Heap before GC invocations=7 (full 0):
 PSYoungGen      total 29696K, used 29316K [0x00000000d5580000, 0x00000000d7880000, 0x0000000100000000)
  eden space 24576K, 100% used [0x00000000d5580000,0x00000000d6d80000,0x00000000d6d80000)
  from space 5120K, 92% used [0x00000000d7380000,0x00000000d7821018,0x00000000d7880000)
  to   space 5120K, 0% used [0x00000000d6e80000,0x00000000d6e80000,0x00000000d7380000)
 ParOldGen       total 68608K, used 7095K [0x0000000080000000, 0x0000000084300000, 0x00000000d5580000)
  object space 68608K, 10% used [0x0000000080000000,0x00000000806edc38,0x0000000084300000)
 Metaspace       used 17832K, committed 18560K, reserved 1114112K
  class space    used 1804K, committed 2112K, reserved 1048576K
}
Event: 51.510 GC heap after
{Heap after GC invocations=7 (full 0):
 PSYoungGen      total 29184K, used 4860K [0x00000000d5580000, 0x00000000d7700000, 0x0000000100000000)
  eden space 24064K, 0% used [0x00000000d5580000,0x00000000d5580000,0x00000000d6d00000)
  from space 5120K, 94% used [0x00000000d6e80000,0x00000000d733f088,0x00000000d7380000)
  to   space 3584K, 0% used [0x00000000d7380000,0x00000000d7380000,0x00000000d7700000)
 ParOldGen       total 68608K, used 8144K [0x0000000080000000, 0x0000000084300000, 0x00000000d5580000)
  object space 68608K, 11% used [0x0000000080000000,0x00000000807f4258,0x0000000084300000)
 Metaspace       used 17832K, committed 18560K, reserved 1114112K
  class space    used 1804K, committed 2112K, reserved 1048576K
}
Event: 52.986 GC heap before
{Heap before GC invocations=8 (full 0):
 PSYoungGen      total 29184K, used 28924K [0x00000000d5580000, 0x00000000d7700000, 0x0000000100000000)
  eden space 24064K, 100% used [0x00000000d5580000,0x00000000d6d00000,0x00000000d6d00000)
  from space 5120K, 94% used [0x00000000d6e80000,0x00000000d733f088,0x00000000d7380000)
  to   space 3584K, 0% used [0x00000000d7380000,0x00000000d7380000,0x00000000d7700000)
 ParOldGen       total 68608K, used 8144K [0x0000000080000000, 0x0000000084300000, 0x00000000d5580000)
  object space 68608K, 11% used [0x0000000080000000,0x00000000807f4258,0x0000000084300000)
 Metaspace       used 19776K, committed 20608K, reserved 1114112K
  class space    used 2022K, committed 2368K, reserved 1048576K
}
Event: 52.994 GC heap after
{Heap after GC invocations=8 (full 0):
 PSYoungGen      total 27136K, used 3562K [0x00000000d5580000, 0x00000000d7700000, 0x0000000100000000)
  eden space 23552K, 0% used [0x00000000d5580000,0x00000000d5580000,0x00000000d6c80000)
  from space 3584K, 99% used [0x00000000d7380000,0x00000000d76fa978,0x00000000d7700000)
  to   space 5120K, 0% used [0x00000000d6d00000,0x00000000d6d00000,0x00000000d7200000)
 ParOldGen       total 68608K, used 9515K [0x0000000080000000, 0x0000000084300000, 0x00000000d5580000)
  object space 68608K, 13% used [0x0000000080000000,0x000000008094ae08,0x0000000084300000)
 Metaspace       used 19776K, committed 20608K, reserved 1114112K
  class space    used 2022K, committed 2368K, reserved 1048576K
}
Event: 53.232 GC heap before
{Heap before GC invocations=9 (full 0):
 PSYoungGen      total 27136K, used 11078K [0x00000000d5580000, 0x00000000d7700000, 0x0000000100000000)
  eden space 23552K, 31% used [0x00000000d5580000,0x00000000d5cd70e0,0x00000000d6c80000)
  from space 3584K, 99% used [0x00000000d7380000,0x00000000d76fa978,0x00000000d7700000)
  to   space 5120K, 0% used [0x00000000d6d00000,0x00000000d6d00000,0x00000000d7200000)
 ParOldGen       total 68608K, used 9515K [0x0000000080000000, 0x0000000084300000, 0x00000000d5580000)
  object space 68608K, 13% used [0x0000000080000000,0x000000008094ae08,0x0000000084300000)
 Metaspace       used 20698K, committed 21504K, reserved 1114112K
  class space    used 2098K, committed 2496K, reserved 1048576K
}
Event: 53.238 GC heap after
{Heap after GC invocations=9 (full 0):
 PSYoungGen      total 26624K, used 2967K [0x00000000d5580000, 0x00000000d7480000, 0x0000000100000000)
  eden space 23552K, 0% used [0x00000000d5580000,0x00000000d5580000,0x00000000d6c80000)
  from space 3072K, 96% used [0x00000000d6d00000,0x00000000d6fe5f90,0x00000000d7000000)
  to   space 4096K, 0% used [0x00000000d7080000,0x00000000d7080000,0x00000000d7480000)
 ParOldGen       total 68608K, used 11004K [0x0000000080000000, 0x0000000084300000, 0x00000000d5580000)
  object space 68608K, 16% used [0x0000000080000000,0x0000000080abf378,0x0000000084300000)
 Metaspace       used 20698K, committed 21504K, reserved 1114112K
  class space    used 2098K, committed 2496K, reserved 1048576K
}
Event: 53.238 GC heap before
{Heap before GC invocations=10 (full 1):
 PSYoungGen      total 26624K, used 2967K [0x00000000d5580000, 0x00000000d7480000, 0x0000000100000000)
  eden space 23552K, 0% used [0x00000000d5580000,0x00000000d5580000,0x00000000d6c80000)
  from space 3072K, 96% used [0x00000000d6d00000,0x00000000d6fe5f90,0x00000000d7000000)
  to   space 4096K, 0% used [0x00000000d7080000,0x00000000d7080000,0x00000000d7480000)
 ParOldGen       total 68608K, used 11004K [0x0000000080000000, 0x0000000084300000, 0x00000000d5580000)
  object space 68608K, 16% used [0x0000000080000000,0x0000000080abf378,0x0000000084300000)
 Metaspace       used 20698K, committed 21504K, reserved 1114112K
  class space    used 2098K, committed 2496K, reserved 1048576K
}
Event: 53.325 GC heap after
{Heap after GC invocations=10 (full 1):
 PSYoungGen      total 26624K, used 0K [0x00000000d5580000, 0x00000000d7480000, 0x0000000100000000)
  eden space 23552K, 0% used [0x00000000d5580000,0x00000000d5580000,0x00000000d6c80000)
  from space 3072K, 0% used [0x00000000d6d00000,0x00000000d6d00000,0x00000000d7000000)
  to   space 4096K, 0% used [0x00000000d7080000,0x00000000d7080000,0x00000000d7480000)
 ParOldGen       total 68608K, used 13435K [0x0000000080000000, 0x0000000084300000, 0x00000000d5580000)
  object space 68608K, 19% used [0x0000000080000000,0x0000000080d1efe8,0x0000000084300000)
 Metaspace       used 20685K, committed 21504K, reserved 1114112K
  class space    used 2094K, committed 2496K, reserved 1048576K
}
Event: 53.944 GC heap before
{Heap before GC invocations=11 (full 1):
 PSYoungGen      total 26624K, used 23552K [0x00000000d5580000, 0x00000000d7480000, 0x0000000100000000)
  eden space 23552K, 100% used [0x00000000d5580000,0x00000000d6c80000,0x00000000d6c80000)
  from space 3072K, 0% used [0x00000000d6d00000,0x00000000d6d00000,0x00000000d7000000)
  to   space 4096K, 0% used [0x00000000d7080000,0x00000000d7080000,0x00000000d7480000)
 ParOldGen       total 68608K, used 13435K [0x0000000080000000, 0x0000000084300000, 0x00000000d5580000)
  object space 68608K, 19% used [0x0000000080000000,0x0000000080d1efe8,0x0000000084300000)
 Metaspace       used 23120K, committed 24000K, reserved 1114112K
  class space    used 2255K, committed 2624K, reserved 1048576K
}
Event: 53.945 GC heap after
{Heap after GC invocations=11 (full 1):
 PSYoungGen      total 23552K, used 371K [0x00000000d5580000, 0x00000000d7100000, 0x0000000100000000)
  eden space 23040K, 0% used [0x00000000d5580000,0x00000000d5580000,0x00000000d6c00000)
  from space 512K, 72% used [0x00000000d7080000,0x00000000d70dcf38,0x00000000d7100000)
  to   space 1536K, 0% used [0x00000000d6e00000,0x00000000d6e00000,0x00000000d6f80000)
 ParOldGen       total 68608K, used 13435K [0x0000000080000000, 0x0000000084300000, 0x00000000d5580000)
  object space 68608K, 19% used [0x0000000080000000,0x0000000080d1efe8,0x0000000084300000)
 Metaspace       used 23120K, committed 24000K, reserved 1114112K
  class space    used 2255K, committed 2624K, reserved 1048576K
}
Event: 54.391 GC heap before
{Heap before GC invocations=12 (full 1):
 PSYoungGen      total 23552K, used 23365K [0x00000000d5580000, 0x00000000d7100000, 0x0000000100000000)
  eden space 23040K, 99% used [0x00000000d5580000,0x00000000d6bf4800,0x00000000d6c00000)
  from space 512K, 72% used [0x00000000d7080000,0x00000000d70dcf38,0x00000000d7100000)
  to   space 1536K, 0% used [0x00000000d6e00000,0x00000000d6e00000,0x00000000d6f80000)
 ParOldGen       total 68608K, used 13435K [0x0000000080000000, 0x0000000084300000, 0x00000000d5580000)
  object space 68608K, 19% used [0x0000000080000000,0x0000000080d1efe8,0x0000000084300000)
 Metaspace       used 26175K, committed 27008K, reserved 1114112K
  class space    used 2563K, committed 2944K, reserved 1048576K
}
Event: 54.393 GC heap after
{Heap after GC invocations=12 (full 1):
 PSYoungGen      total 24064K, used 526K [0x00000000d5580000, 0x00000000d7100000, 0x0000000100000000)
  eden space 22528K, 0% used [0x00000000d5580000,0x00000000d5580000,0x00000000d6b80000)
  from space 1536K, 34% used [0x00000000d6e00000,0x00000000d6e839e8,0x00000000d6f80000)
  to   space 1024K, 0% used [0x00000000d7000000,0x00000000d7000000,0x00000000d7100000)
 ParOldGen       total 68608K, used 13539K [0x0000000080000000, 0x0000000084300000, 0x00000000d5580000)
  object space 68608K, 19% used [0x0000000080000000,0x0000000080d38fe8,0x0000000084300000)
 Metaspace       used 26175K, committed 27008K, reserved 1114112K
  class space    used 2563K, committed 2944K, reserved 1048576K
}
Event: 54.746 GC heap before
{Heap before GC invocations=13 (full 1):
 PSYoungGen      total 24064K, used 23054K [0x00000000d5580000, 0x00000000d7100000, 0x0000000100000000)
  eden space 22528K, 100% used [0x00000000d5580000,0x00000000d6b80000,0x00000000d6b80000)
  from space 1536K, 34% used [0x00000000d6e00000,0x00000000d6e839e8,0x00000000d6f80000)
  to   space 1024K, 0% used [0x00000000d7000000,0x00000000d7000000,0x00000000d7100000)
 ParOldGen       total 68608K, used 13539K [0x0000000080000000, 0x0000000084300000, 0x00000000d5580000)
  object space 68608K, 19% used [0x0000000080000000,0x0000000080d38fe8,0x0000000084300000)
 Metaspace       used 27818K, committed 28672K, reserved 1114112K
  class space    used 2703K, committed 3072K, reserved 1048576K
}
Event: 54.750 GC heap after
{Heap after GC invocations=13 (full 1):
 PSYoungGen      total 23040K, used 675K [0x00000000d5580000, 0x00000000d7100000, 0x0000000100000000)
  eden space 22016K, 0% used [0x00000000d5580000,0x00000000d5580000,0x00000000d6b00000)
  from space 1024K, 65% used [0x00000000d7000000,0x00000000d70a8e48,0x00000000d7100000)
  to   space 1024K, 0% used [0x00000000d6f00000,0x00000000d6f00000,0x00000000d7000000)
 ParOldGen       total 68608K, used 15475K [0x0000000080000000, 0x0000000084300000, 0x00000000d5580000)
  object space 68608K, 22% used [0x0000000080000000,0x0000000080f1cc70,0x0000000084300000)
 Metaspace       used 27818K, committed 28672K, reserved 1114112K
  class space    used 2703K, committed 3072K, reserved 1048576K
}

Dll operation events (11 events):
Event: 0.934 Loaded shared library c:\Users\Dell\.vscode\extensions\redhat.java-1.54.0-win32-x64\jre\21.0.10-win32-x86_64\bin\java.dll
Event: 2.223 Loaded shared library c:\Users\Dell\.vscode\extensions\redhat.java-1.54.0-win32-x64\jre\21.0.10-win32-x86_64\bin\zip.dll
Event: 2.404 Loaded shared library C:\Users\Dell\.vscode\extensions\redhat.java-1.54.0-win32-x64\jre\21.0.10-win32-x86_64\bin\instrument.dll
Event: 2.896 Loaded shared library C:\Users\Dell\.vscode\extensions\redhat.java-1.54.0-win32-x64\jre\21.0.10-win32-x86_64\bin\net.dll
Event: 3.010 Loaded shared library C:\Users\Dell\.vscode\extensions\redhat.java-1.54.0-win32-x64\jre\21.0.10-win32-x86_64\bin\nio.dll
Event: 3.019 Loaded shared library C:\Users\Dell\.vscode\extensions\redhat.java-1.54.0-win32-x64\jre\21.0.10-win32-x86_64\bin\zip.dll
Event: 3.072 Loaded shared library C:\Users\Dell\.vscode\extensions\redhat.java-1.54.0-win32-x64\jre\21.0.10-win32-x86_64\bin\jimage.dll
Event: 4.147 Loaded shared library c:\Users\Dell\.vscode\extensions\redhat.java-1.54.0-win32-x64\jre\21.0.10-win32-x86_64\bin\verify.dll
Event: 25.758 Loaded shared library C:\Users\Dell\AppData\Roaming\Code\User\globalStorage\redhat.java\1.54.0\config_win\org.eclipse.equinox.launcher\org.eclipse.equinox.launcher.win32.win32.x86_64_1.3.0.v20260203-2149\eclipse_11919.dll
Event: 49.863 Loaded shared library C:\Users\Dell\.vscode\extensions\redhat.java-1.54.0-win32-x64\jre\21.0.10-win32-x86_64\bin\management.dll
Event: 49.889 Loaded shared library C:\Users\Dell\.vscode\extensions\redhat.java-1.54.0-win32-x64\jre\21.0.10-win32-x86_64\bin\management_ext.dll

Deoptimization events (20 events):
Event: 54.167 Thread 0x0000022fe95f83a0 Uncommon trap: trap_request=0xffffffde fr.pc=0x0000022fd84fb04c relative=0x000000000000010c
Event: 54.167 Thread 0x0000022fe95f83a0 Uncommon trap: reason=class_check action=maybe_recompile pc=0x0000022fd84fb04c method=java.lang.Character.codePointAt(Ljava/lang/CharSequence;I)I @ 2 c2
Event: 54.167 Thread 0x0000022fe95f83a0 DEOPT PACKING pc=0x0000022fd84fb04c sp=0x0000005fa68fe2d0
Event: 54.167 Thread 0x0000022fe95f83a0 DEOPT UNPACKING pc=0x0000022fd7da3aa2 sp=0x0000005fa68fe258 mode 2
Event: 54.167 Thread 0x0000022fe95f83a0 Uncommon trap: trap_request=0xffffffde fr.pc=0x0000022fd84fb04c relative=0x000000000000010c
Event: 54.167 Thread 0x0000022fe95f83a0 Uncommon trap: reason=class_check action=maybe_recompile pc=0x0000022fd84fb04c method=java.lang.Character.codePointAt(Ljava/lang/CharSequence;I)I @ 2 c2
Event: 54.167 Thread 0x0000022fe95f83a0 DEOPT PACKING pc=0x0000022fd84fb04c sp=0x0000005fa68fe2d0
Event: 54.167 Thread 0x0000022fe95f83a0 DEOPT UNPACKING pc=0x0000022fd7da3aa2 sp=0x0000005fa68fe258 mode 2
Event: 54.168 Thread 0x0000022fe95f83a0 Uncommon trap: trap_request=0xffffff76 fr.pc=0x0000022fd84fa5f0 relative=0x0000000000000390
Event: 54.168 Thread 0x0000022fe95f83a0 Uncommon trap: reason=predicate action=maybe_recompile pc=0x0000022fd84fa5f0 method=java.util.regex.Pattern$BmpCharPropertyGreedy.match(Ljava/util/regex/Matcher;ILjava/lang/CharSequence;)Z @ 12 c2
Event: 54.168 Thread 0x0000022fe95f83a0 DEOPT PACKING pc=0x0000022fd84fa5f0 sp=0x0000005fa68fe200
Event: 54.168 Thread 0x0000022fe95f83a0 DEOPT UNPACKING pc=0x0000022fd7da3aa2 sp=0x0000005fa68fe1b8 mode 2
Event: 54.178 Thread 0x0000022fe95f7d10 Uncommon trap: trap_request=0xffffff45 fr.pc=0x0000022fd8355b2c relative=0x000000000000010c
Event: 54.178 Thread 0x0000022fe95f7d10 Uncommon trap: reason=unstable_if action=reinterpret pc=0x0000022fd8355b2c method=jdk.internal.org.objectweb.asm.ByteVector.putShort(I)Ljdk/internal/org/objectweb/asm/ByteVector; @ 13 c2
Event: 54.178 Thread 0x0000022fe95f7d10 DEOPT PACKING pc=0x0000022fd8355b2c sp=0x0000005fa69fd560
Event: 54.179 Thread 0x0000022fe95f7d10 DEOPT UNPACKING pc=0x0000022fd7da3aa2 sp=0x0000005fa69fd4f8 mode 2
Event: 54.242 Thread 0x0000022fe97f16f0 Uncommon trap: trap_request=0xffffff45 fr.pc=0x0000022fd85010d0 relative=0x0000000000000390
Event: 54.242 Thread 0x0000022fe97f16f0 Uncommon trap: reason=unstable_if action=reinterpret pc=0x0000022fd85010d0 method=org.lombokweb.asm.Label.resolve([BLorg/lombokweb/asm/ByteVector;I)Z @ 81 c2
Event: 54.242 Thread 0x0000022fe97f16f0 DEOPT PACKING pc=0x0000022fd85010d0 sp=0x0000005fa62f2990
Event: 54.242 Thread 0x0000022fe97f16f0 DEOPT UNPACKING pc=0x0000022fd7da3aa2 sp=0x0000005fa62f2898 mode 2

Classes loaded (20 events):
Event: 54.774 Loading class sun/reflect/generics/repository/AbstractRepository
Event: 54.774 Loading class sun/reflect/generics/repository/AbstractRepository done
Event: 54.774 Loading class sun/reflect/generics/repository/GenericDeclRepository done
Event: 54.774 Loading class sun/reflect/generics/repository/ClassRepository done
Event: 54.774 Loading class sun/reflect/generics/tree/FormalTypeParameter
Event: 54.774 Loading class sun/reflect/generics/tree/FormalTypeParameter done
Event: 54.774 Loading class sun/reflect/generics/tree/ClassSignature
Event: 54.775 Loading class sun/reflect/generics/tree/Signature
Event: 54.775 Loading class sun/reflect/generics/tree/Signature done
Event: 54.775 Loading class sun/reflect/generics/tree/ClassSignature done
Event: 54.775 Loading class sun/reflect/annotation/TypeAnnotation$TypeAnnotationTarget
Event: 54.775 Loading class sun/reflect/annotation/TypeAnnotation$TypeAnnotationTarget done
Event: 54.775 Loading class sun/reflect/annotation/TypeAnnotation$LocationInfo
Event: 54.775 Loading class sun/reflect/annotation/TypeAnnotation$LocationInfo done
Event: 54.775 Loading class sun/reflect/annotation/TypeAnnotation$LocationInfo$Location
Event: 54.775 Loading class sun/reflect/annotation/TypeAnnotation$LocationInfo$Location done
Event: 54.775 Loading class sun/reflect/annotation/AnnotatedTypeFactory
Event: 54.778 Loading class sun/reflect/annotation/AnnotatedTypeFactory done
Event: 54.778 Loading class sun/reflect/annotation/AnnotatedTypeFactory$AnnotatedTypeBaseImpl
Event: 54.779 Loading class sun/reflect/annotation/AnnotatedTypeFactory$AnnotatedTypeBaseImpl done

Classes unloaded (7 events):
Event: 53.249 Thread 0x0000022fcd6dc880 Unloading class 0x0000022f811b2800 'java/lang/invoke/LambdaForm$MH+0x0000022f811b2800'
Event: 53.249 Thread 0x0000022fcd6dc880 Unloading class 0x0000022f811b2400 'java/lang/invoke/LambdaForm$MH+0x0000022f811b2400'
Event: 53.249 Thread 0x0000022fcd6dc880 Unloading class 0x0000022f811b2000 'java/lang/invoke/LambdaForm$MH+0x0000022f811b2000'
Event: 53.249 Thread 0x0000022fcd6dc880 Unloading class 0x0000022f811b1c00 'java/lang/invoke/LambdaForm$MH+0x0000022f811b1c00'
Event: 53.249 Thread 0x0000022fcd6dc880 Unloading class 0x0000022f811b1800 'java/lang/invoke/LambdaForm$BMH+0x0000022f811b1800'
Event: 53.249 Thread 0x0000022fcd6dc880 Unloading class 0x0000022f811b1400 'java/lang/invoke/LambdaForm$DMH+0x0000022f811b1400'
Event: 53.249 Thread 0x0000022fcd6dc880 Unloading class 0x0000022f811b0000 'java/lang/invoke/LambdaForm$DMH+0x0000022f811b0000'

Classes redefined (0 events):
No events

Internal exceptions (20 events):
Event: 54.091 Thread 0x0000022fe97f16f0 Exception <a 'java/lang/NoSuchMethodError'{0x00000000d5a4abb0}: 'int java.lang.invoke.DirectMethodHandle$Holder.invokeStaticInit(java.lang.Object, java.lang.Object, java.lang.Object)'> (0x00000000d5a4abb0) 
thrown [s\src\hotspot\share\interpreter\linkResolver.cpp, line 773]
Event: 54.114 Thread 0x0000022fe95f83a0 Exception <a 'java/lang/NoSuchMethodError'{0x00000000d5bb8fa8}: 'java.lang.Object java.lang.invoke.DirectMethodHandle$Holder.invokeStaticInit(java.lang.Object, java.lang.Object, java.lang.Object, java.lang.Object, java.lang.Object, java.lang.Object, java.lang.Object)'> (0x00000000d5bb8fa8) 
thrown [s\src\hotspot\share\interpreter\linkResolver.cpp, line 773]
Event: 54.115 Thread 0x0000022fe95f83a0 Exception <a 'java/lang/NoSuchMethodError'{0x00000000d5bbd9e8}: 'java.lang.Object java.lang.invoke.Invokers$Holder.invoke_MT(java.lang.Object, java.lang.Object, java.lang.Object, java.lang.Object, java.lang.Object, java.lang.Object, java.lang.Object, java.lang.Object, java.lang.Object)'> (0x00000000d5bbd9e8) 
thrown [s\src\hotspot\share\interpreter\linkResolver.cpp, line 773]
Event: 54.125 Thread 0x0000022fe95f83a0 Exception <a 'java/lang/NoSuchMethodError'{0x00000000d5c644b8}: 'int java.lang.invoke.DirectMethodHandle$Holder.invokeVirtual(java.lang.Object, java.lang.Object, java.lang.Object)'> (0x00000000d5c644b8) 
thrown [s\src\hotspot\share\interpreter\linkResolver.cpp, line 773]
Event: 54.125 Thread 0x0000022fe95f83a0 Exception <a 'java/lang/NoSuchMethodError'{0x00000000d5c68460}: 'int java.lang.invoke.DirectMethodHandle$Holder.invokeStaticInit(java.lang.Object, int, int)'> (0x00000000d5c68460) 
thrown [s\src\hotspot\share\interpreter\linkResolver.cpp, line 773]
Event: 54.126 Thread 0x0000022fe95f83a0 Exception <a 'java/lang/NoSuchMethodError'{0x00000000d5c6fe80}: 'int java.lang.invoke.DirectMethodHandle$Holder.invokeStaticInit(java.lang.Object, long, long)'> (0x00000000d5c6fe80) 
thrown [s\src\hotspot\share\interpreter\linkResolver.cpp, line 773]
Event: 54.127 Thread 0x0000022fe95f83a0 Exception <a 'java/lang/NoSuchMethodError'{0x00000000d5c76a80}: 'int java.lang.invoke.DirectMethodHandle$Holder.invokeStaticInit(java.lang.Object, float, float)'> (0x00000000d5c76a80) 
thrown [s\src\hotspot\share\interpreter\linkResolver.cpp, line 773]
Event: 54.129 Thread 0x0000022fe95f83a0 Exception <a 'java/lang/NoSuchMethodError'{0x00000000d5c7d658}: 'int java.lang.invoke.DirectMethodHandle$Holder.invokeStaticInit(java.lang.Object, double, double)'> (0x00000000d5c7d658) 
thrown [s\src\hotspot\share\interpreter\linkResolver.cpp, line 773]
Event: 54.129 Thread 0x0000022fe95f83a0 Exception <a 'java/lang/NoSuchMethodError'{0x00000000d5c81a88}: 'int java.lang.invoke.DirectMethodHandle$Holder.invokeStatic(java.lang.Object, long)'> (0x00000000d5c81a88) 
thrown [s\src\hotspot\share\interpreter\linkResolver.cpp, line 773]
Event: 54.132 Thread 0x0000022fe95f83a0 Exception <a 'java/lang/NoSuchMethodError'{0x00000000d5c92e70}: 'int java.lang.invoke.DirectMethodHandle$Holder.invokeSpecial(java.lang.Object, java.lang.Object, int, int)'> (0x00000000d5c92e70) 
thrown [s\src\hotspot\share\interpreter\linkResolver.cpp, line 773]
Event: 54.134 Thread 0x0000022fe95f83a0 Exception <a 'java/lang/NoSuchMethodError'{0x00000000d5ca0ac8}: 'int java.lang.invoke.Invokers$Holder.linkToTargetMethod(java.lang.Object, java.lang.Object)'> (0x00000000d5ca0ac8) 
thrown [s\src\hotspot\share\interpreter\linkResolver.cpp, line 773]
Event: 54.172 Thread 0x0000022fe95f7d10 Exception <a 'java/lang/NoSuchMethodError'{0x00000000d5a357a0}: 'int java.lang.invoke.DirectMethodHandle$Holder.invokeSpecial(java.lang.Object, java.lang.Object, java.lang.Object, java.lang.Object)'> (0x00000000d5a357a0) 
thrown [s\src\hotspot\share\interpreter\linkResolver.cpp, line 773]
Event: 54.174 Thread 0x0000022fe95f7d10 Exception <a 'java/lang/NoSuchMethodError'{0x00000000d5f2c348}: 'java.lang.Object java.lang.invoke.DirectMethodHandle$Holder.invokeStatic(java.lang.Object, int, java.lang.Object, java.lang.Object)'> (0x00000000d5f2c348) 
thrown [s\src\hotspot\share\interpreter\linkResolver.cpp, line 773]
Event: 54.175 Thread 0x0000022fe95f7d10 Exception <a 'java/lang/NoSuchMethodError'{0x00000000d5f2fb28}: 'java.lang.Object java.lang.invoke.DelegatingMethodHandle$Holder.delegate(java.lang.Object, int, java.lang.Object, java.lang.Object)'> (0x00000000d5f2fb28) 
thrown [s\src\hotspot\share\interpreter\linkResolver.cpp, line 773]
Event: 54.180 Thread 0x0000022fe95f7d10 Exception <a 'java/lang/NoSuchMethodError'{0x00000000d5f43568}: 'int java.lang.invoke.Invokers$Holder.linkToTargetMethod(java.lang.Object, java.lang.Object, java.lang.Object)'> (0x00000000d5f43568) 
thrown [s\src\hotspot\share\interpreter\linkResolver.cpp, line 773]
Event: 54.205 Thread 0x0000022fe95f83a0 Exception <a 'java/lang/NoSuchMethodError'{0x00000000d60a7bb8}: 'java.lang.Object java.lang.invoke.DirectMethodHandle$Holder.invokeSpecialIFC(java.lang.Object, java.lang.Object, java.lang.Object, java.lang.Object)'> (0x00000000d60a7bb8) 
thrown [s\src\hotspot\share\interpreter\linkResolver.cpp, line 773]
Event: 54.531 Thread 0x0000022fe97f16f0 Exception <a 'java/io/FileNotFoundException'{0x00000000d59f3cb0}> (0x00000000d59f3cb0) 
thrown [s\src\hotspot\share\prims\jni.cpp, line 520]
Event: 54.623 Thread 0x0000022fe97f16f0 Exception <a 'java/io/FileNotFoundException'{0x00000000d66c16a0}> (0x00000000d66c16a0) 
thrown [s\src\hotspot\share\prims\jni.cpp, line 520]
Event: 54.624 Thread 0x0000022fe97f16f0 Exception <a 'java/io/FileNotFoundException'{0x00000000d66c2690}> (0x00000000d66c2690) 
thrown [s\src\hotspot\share\prims\jni.cpp, line 520]
Event: 54.626 Thread 0x0000022fe97f16f0 Exception <a 'java/io/FileNotFoundException'{0x00000000d66d1320}> (0x00000000d66d1320) 
thrown [s\src\hotspot\share\prims\jni.cpp, line 520]

ZGC Phase Switch (0 events):
No events

VM Operations (20 events):
Event: 51.783 Executing non-safepoint VM operation: HandshakeAllThreads (Deoptimize)
Event: 51.784 Executing non-safepoint VM operation: HandshakeAllThreads (Deoptimize) done
Event: 51.814 Executing non-safepoint VM operation: HandshakeAllThreads (Deoptimize)
Event: 51.814 Executing non-safepoint VM operation: HandshakeAllThreads (Deoptimize) done
Event: 52.638 Executing safepoint VM operation: ICBufferFull
Event: 52.638 Executing safepoint VM operation: ICBufferFull done
Event: 52.914 Executing non-safepoint VM operation: HandshakeAllThreads (Deoptimize)
Event: 52.915 Executing non-safepoint VM operation: HandshakeAllThreads (Deoptimize) done
Event: 52.985 Executing safepoint VM operation: ParallelGCFailedAllocation (Allocation Failure)
Event: 52.994 Executing safepoint VM operation: ParallelGCFailedAllocation (Allocation Failure) done
Event: 53.232 Executing safepoint VM operation: CollectForMetadataAllocation (Metadata GC Threshold)
Event: 53.325 Executing safepoint VM operation: CollectForMetadataAllocation (Metadata GC Threshold) done
Event: 53.944 Executing safepoint VM operation: ParallelGCFailedAllocation (Allocation Failure)
Event: 53.945 Executing safepoint VM operation: ParallelGCFailedAllocation (Allocation Failure) done
Event: 54.154 Executing non-safepoint VM operation: HandshakeAllThreads (Deoptimize)
Event: 54.154 Executing non-safepoint VM operation: HandshakeAllThreads (Deoptimize) done
Event: 54.391 Executing safepoint VM operation: ParallelGCFailedAllocation (Allocation Failure)
Event: 54.393 Executing safepoint VM operation: ParallelGCFailedAllocation (Allocation Failure) done
Event: 54.746 Executing safepoint VM operation: ParallelGCFailedAllocation (Allocation Failure)
Event: 54.750 Executing safepoint VM operation: ParallelGCFailedAllocation (Allocation Failure) done

Memory protections (0 events):
No events

Nmethod flushes (0 events):
No events

Events (20 events):
Event: 19.381 Thread 0x0000022fe97fab60 Thread exited: 0x0000022fe97fab60
Event: 19.382 Thread 0x0000022fe97fa4f0 Thread exited: 0x0000022fe97fa4f0
Event: 23.241 Thread 0x0000022fcd61e9e0 Thread added: 0x0000022fe97f1080
Event: 23.247 Thread 0x0000022fcd61e9e0 Thread added: 0x0000022fe97f16f0
Event: 24.941 Thread 0x0000022fcd61e9e0 Thread added: 0x0000022fe97a4610
Event: 25.218 Thread 0x0000022fcd61e9e0 Thread added: 0x0000022fe9fd8fe0
Event: 26.237 Thread 0x0000022fe9fd8fe0 Thread added: 0x0000022fe976faa0
Event: 26.237 Thread 0x0000022fe9fd8fe0 Thread added: 0x0000022fe9852150
Event: 26.237 Thread 0x0000022fe9fd8fe0 Thread added: 0x0000022fe9305690
Event: 26.238 Thread 0x0000022fe9fd8fe0 Thread added: 0x0000022fe9f47110
Event: 36.421 Thread 0x0000022fe976faa0 Thread exited: 0x0000022fe976faa0
Event: 36.437 Thread 0x0000022fe9852150 Thread exited: 0x0000022fe9852150
Event: 36.453 Thread 0x0000022fe9f47110 Thread exited: 0x0000022fe9f47110
Event: 36.515 Thread 0x0000022fe9305690 Thread exited: 0x0000022fe9305690
Event: 46.269 Thread 0x0000022fe97f16f0 Thread added: 0x0000022fe95f7680
Event: 49.057 Thread 0x0000022fe97f16f0 Thread added: 0x0000022fe95f8a30
Event: 50.534 Thread 0x0000022fe97f16f0 Thread added: 0x0000022fe95f83a0
Event: 50.690 Thread 0x0000022fe95f83a0 Thread added: 0x0000022fe95f7d10
Event: 54.171 Thread 0x0000022fe95f7d10 Thread added: 0x0000022fead92020
Event: 54.327 Thread 0x0000022fead92020 Thread added: 0x0000022fead905e0


Dynamic libraries:
0x00007ff7c6b00000 - 0x00007ff7c6b0e000 	c:\Users\Dell\.vscode\extensions\redhat.java-1.54.0-win32-x64\jre\21.0.10-win32-x86_64\bin\java.exe
0x00007fff4b9d0000 - 0x00007fff4bbc9000 	C:\Windows\SYSTEM32\ntdll.dll
0x00007fff4a8b0000 - 0x00007fff4a972000 	C:\Windows\System32\KERNEL32.DLL
0x00007fff49140000 - 0x00007fff49437000 	C:\Windows\System32\KERNELBASE.dll
0x00007fff456a0000 - 0x00007fff45734000 	C:\Windows\SYSTEM32\apphelp.dll
0x00007fff49040000 - 0x00007fff49140000 	C:\Windows\System32\ucrtbase.dll
0x00007fff1e170000 - 0x00007fff1e188000 	c:\Users\Dell\.vscode\extensions\redhat.java-1.54.0-win32-x64\jre\21.0.10-win32-x86_64\bin\jli.dll
0x00007fff4b710000 - 0x00007fff4b8ad000 	C:\Windows\System32\USER32.dll
0x00007fff499a0000 - 0x00007fff499c2000 	C:\Windows\System32\win32u.dll
0x00007fff4a480000 - 0x00007fff4a4ab000 	C:\Windows\System32\GDI32.dll
0x00007fff253e0000 - 0x00007fff253fe000 	c:\Users\Dell\.vscode\extensions\redhat.java-1.54.0-win32-x64\jre\21.0.10-win32-x86_64\bin\VCRUNTIME140.dll
0x00007fff49440000 - 0x00007fff4955a000 	C:\Windows\System32\gdi32full.dll
0x00007fff49840000 - 0x00007fff498dd000 	C:\Windows\System32\msvcp_win.dll
0x00007fff375b0000 - 0x00007fff3784b000 	C:\Windows\WinSxS\amd64_microsoft.windows.common-controls_6595b64144ccf1df_6.0.19041.6926_none_60b5a53971f8f7e6\COMCTL32.dll
0x00007fff4a4b0000 - 0x00007fff4a54e000 	C:\Windows\System32\msvcrt.dll
0x00007fff4a880000 - 0x00007fff4a8af000 	C:\Windows\System32\IMM32.DLL
0x00007fff2c370000 - 0x00007fff2c37c000 	c:\Users\Dell\.vscode\extensions\redhat.java-1.54.0-win32-x64\jre\21.0.10-win32-x86_64\bin\vcruntime140_1.dll
0x00007fff09d80000 - 0x00007fff09e0d000 	c:\Users\Dell\.vscode\extensions\redhat.java-1.54.0-win32-x64\jre\21.0.10-win32-x86_64\bin\msvcp140.dll
0x00007ffef7370000 - 0x00007ffef8111000 	c:\Users\Dell\.vscode\extensions\redhat.java-1.54.0-win32-x64\jre\21.0.10-win32-x86_64\bin\server\jvm.dll
0x00007fff4a3c0000 - 0x00007fff4a471000 	C:\Windows\System32\ADVAPI32.dll
0x00007fff49c90000 - 0x00007fff49d2f000 	C:\Windows\System32\sechost.dll
0x00007fff49d30000 - 0x00007fff49e56000 	C:\Windows\System32\RPCRT4.dll
0x00007fff49970000 - 0x00007fff49997000 	C:\Windows\System32\bcrypt.dll
0x00007fff4a290000 - 0x00007fff4a2fb000 	C:\Windows\System32\WS2_32.dll
0x00007fff48f10000 - 0x00007fff48f5b000 	C:\Windows\SYSTEM32\POWRPROF.dll
0x00007fff44790000 - 0x00007fff4479a000 	C:\Windows\SYSTEM32\VERSION.dll
0x00007fff369b0000 - 0x00007fff369d7000 	C:\Windows\SYSTEM32\WINMM.dll
0x00007fff48ef0000 - 0x00007fff48f02000 	C:\Windows\SYSTEM32\UMPDC.dll
0x00007fff47870000 - 0x00007fff47882000 	C:\Windows\SYSTEM32\kernel.appcore.dll
0x00007fff25490000 - 0x00007fff2549a000 	c:\Users\Dell\.vscode\extensions\redhat.java-1.54.0-win32-x64\jre\21.0.10-win32-x86_64\bin\jimage.dll
0x00007fff46d80000 - 0x00007fff46f81000 	C:\Windows\SYSTEM32\DBGHELP.DLL
0x00007fff307c0000 - 0x00007fff307f4000 	C:\Windows\SYSTEM32\dbgcore.DLL
0x00007fff498e0000 - 0x00007fff49962000 	C:\Windows\System32\bcryptPrimitives.dll
0x00007fff24020000 - 0x00007fff2402f000 	c:\Users\Dell\.vscode\extensions\redhat.java-1.54.0-win32-x64\jre\21.0.10-win32-x86_64\bin\instrument.dll
0x00007fff23460000 - 0x00007fff23480000 	c:\Users\Dell\.vscode\extensions\redhat.java-1.54.0-win32-x64\jre\21.0.10-win32-x86_64\bin\java.dll
0x00007fff4af90000 - 0x00007fff4b701000 	C:\Windows\System32\SHELL32.dll
0x00007fff46f90000 - 0x00007fff47736000 	C:\Windows\SYSTEM32\windows.storage.dll
0x00007fff49e80000 - 0x00007fff4a1d3000 	C:\Windows\System32\combase.dll
0x00007fff48990000 - 0x00007fff489bb000 	C:\Windows\SYSTEM32\Wldp.dll
0x00007fff4aeb0000 - 0x00007fff4af86000 	C:\Windows\System32\OLEAUT32.dll
0x00007fff4a1e0000 - 0x00007fff4a28d000 	C:\Windows\System32\SHCORE.dll
0x00007fff4a360000 - 0x00007fff4a3bb000 	C:\Windows\System32\shlwapi.dll
0x00007fff48f60000 - 0x00007fff48f84000 	C:\Windows\SYSTEM32\profapi.dll
0x00007fff1e5d0000 - 0x00007fff1e5e8000 	c:\Users\Dell\.vscode\extensions\redhat.java-1.54.0-win32-x64\jre\21.0.10-win32-x86_64\bin\zip.dll
0x00007fff261b0000 - 0x00007fff261c0000 	C:\Users\Dell\.vscode\extensions\redhat.java-1.54.0-win32-x64\jre\21.0.10-win32-x86_64\bin\net.dll
0x00007fff3f8f0000 - 0x00007fff3f9fa000 	C:\Windows\SYSTEM32\WINHTTP.dll
0x00007fff486c0000 - 0x00007fff4872a000 	C:\Windows\system32\mswsock.dll
0x00007fff1e5b0000 - 0x00007fff1e5c6000 	C:\Users\Dell\.vscode\extensions\redhat.java-1.54.0-win32-x64\jre\21.0.10-win32-x86_64\bin\nio.dll
0x00007fff23550000 - 0x00007fff23560000 	c:\Users\Dell\.vscode\extensions\redhat.java-1.54.0-win32-x64\jre\21.0.10-win32-x86_64\bin\verify.dll
0x00007fff09ba0000 - 0x00007fff09be5000 	C:\Users\Dell\AppData\Roaming\Code\User\globalStorage\redhat.java\1.54.0\config_win\org.eclipse.equinox.launcher\org.eclipse.equinox.launcher.win32.win32.x86_64_1.3.0.v20260203-2149\eclipse_11919.dll
0x00007fff4a550000 - 0x00007fff4a67b000 	C:\Windows\System32\ole32.dll
0x00007fff1ed70000 - 0x00007fff1ed7a000 	C:\Users\Dell\.vscode\extensions\redhat.java-1.54.0-win32-x64\jre\21.0.10-win32-x86_64\bin\management.dll
0x00007fff1e420000 - 0x00007fff1e42c000 	C:\Users\Dell\.vscode\extensions\redhat.java-1.54.0-win32-x64\jre\21.0.10-win32-x86_64\bin\management_ext.dll
0x00007fff49c70000 - 0x00007fff49c78000 	C:\Windows\System32\PSAPI.DLL
0x00007fff488f0000 - 0x00007fff48908000 	C:\Windows\SYSTEM32\CRYPTSP.dll
0x00007fff47fe0000 - 0x00007fff48018000 	C:\Windows\system32\rsaenh.dll
0x00007fff48eb0000 - 0x00007fff48ede000 	C:\Windows\SYSTEM32\USERENV.dll
0x00007fff488e0000 - 0x00007fff488ec000 	C:\Windows\SYSTEM32\CRYPTBASE.dll
0x00007fff483a0000 - 0x00007fff483db000 	C:\Windows\SYSTEM32\IPHLPAPI.DLL
0x00007fff4aa30000 - 0x00007fff4aa38000 	C:\Windows\System32\NSI.dll

JVMTI agents:
c:\Users\Dell\.vscode\extensions\redhat.java-1.54.0-win32-x64\lombok\lombok-1.18.39-4050.jar path:c:\Users\Dell\.vscode\extensions\redhat.java-1.54.0-win32-x64\jre\21.0.10-win32-x86_64\bin\instrument.dll, loaded, initialized, instrumentlib options:none

dbghelp: loaded successfully - version: 4.0.5 - missing functions: none
symbol engine: initialized successfully - sym options: 0x614 - pdb path: .;c:\Users\Dell\.vscode\extensions\redhat.java-1.54.0-win32-x64\jre\21.0.10-win32-x86_64\bin;C:\Windows\SYSTEM32;C:\Windows\WinSxS\amd64_microsoft.windows.common-controls_6595b64144ccf1df_6.0.19041.6926_none_60b5a53971f8f7e6;c:\Users\Dell\.vscode\extensions\redhat.java-1.54.0-win32-x64\jre\21.0.10-win32-x86_64\bin\server;C:\Users\Dell\AppData\Roaming\Code\User\globalStorage\redhat.java\1.54.0\config_win\org.eclipse.equinox.launcher\org.eclipse.equinox.launcher.win32.win32.x86_64_1.3.0.v20260203-2149

VM Arguments:
jvm_args: --add-modules=ALL-SYSTEM --add-opens=java.base/java.util=ALL-UNNAMED --add-opens=java.base/java.lang=ALL-UNNAMED --add-opens=java.base/sun.nio.fs=ALL-UNNAMED -Declipse.application=org.eclipse.jdt.ls.core.id1 -Dosgi.bundles.defaultStartLevel=4 -Declipse.product=org.eclipse.jdt.ls.core.product -Djava.import.generatesMetadataFilesAtProjectRoot=false -DDetectVMInstallationsJob.disabled=true -Dfile.encoding=utf8 -XX:+UseParallelGC -XX:GCTimeRatio=4 -XX:AdaptiveSizePolicyWeight=90 -Dsun.zip.disableMemoryMapping=true -Xmx2G -Xms100m -Xlog:disable -javaagent:c:\Users\Dell\.vscode\extensions\redhat.java-1.54.0-win32-x64\lombok\lombok-1.18.39-4050.jar -XX:+HeapDumpOnOutOfMemoryError -XX:HeapDumpPath=c:\Users\Dell\AppData\Roaming\Code\User\workspaceStorage\3b8aa8ee13be0934b84e97456a24346c\redhat.java -Daether.dependencyCollector.impl=bf 
java_command: c:\Users\Dell\.vscode\extensions\redhat.java-1.54.0-win32-x64\server\plugins\org.eclipse.equinox.launcher_1.7.100.v20251111-0406.jar -configuration c:\Users\Dell\AppData\Roaming\Code\User\globalStorage\redhat.java\1.54.0\config_win -data c:\Users\Dell\AppData\Roaming\Code\User\workspaceStorage\3b8aa8ee13be0934b84e97456a24346c\redhat.java\jdt_ws --pipe=\\.\pipe\lsp-b91215a7672db8540da4e328ff1b1173-sock
java_class_path (initial): c:\Users\Dell\.vscode\extensions\redhat.java-1.54.0-win32-x64\server\plugins\org.eclipse.equinox.launcher_1.7.100.v20251111-0406.jar
Launcher Type: SUN_STANDARD

[Global flags]
    uintx AdaptiveSizePolicyWeight                 = 90                                        {product} {command line}
     intx CICompilerCount                          = 3                                         {product} {ergonomic}
    uintx GCTimeRatio                              = 4                                         {product} {command line}
     bool HeapDumpOnOutOfMemoryError               = true                                   {manageable} {command line}
    ccstr HeapDumpPath                             = c:\Users\Dell\AppData\Roaming\Code\User\workspaceStorage\3b8aa8ee13be0934b84e97456a24346c\redhat.java         {manageable} {command line}
   size_t InitialHeapSize                          = 104857600                                 {product} {command line}
   size_t MaxHeapSize                              = 2147483648                                {product} {command line}
   size_t MaxNewSize                               = 715653120                                 {product} {ergonomic}
   size_t MinHeapDeltaBytes                        = 524288                                    {product} {ergonomic}
   size_t MinHeapSize                              = 104857600                                 {product} {command line}
   size_t NewSize                                  = 34603008                                  {product} {ergonomic}
    uintx NonNMethodCodeHeapSize                   = 5832780                                {pd product} {ergonomic}
    uintx NonProfiledCodeHeapSize                  = 122912730                              {pd product} {ergonomic}
   size_t OldSize                                  = 70254592                                  {product} {ergonomic}
    uintx ProfiledCodeHeapSize                     = 122912730                              {pd product} {ergonomic}
    uintx ReservedCodeCacheSize                    = 251658240                              {pd product} {ergonomic}
     bool SegmentedCodeCache                       = true                                      {product} {ergonomic}
   size_t SoftMaxHeapSize                          = 2147483648                             {manageable} {ergonomic}
     bool UseCompressedOops                        = true                           {product lp64_product} {ergonomic}
     bool UseLargePagesIndividualAllocation        = false                                  {pd product} {ergonomic}
     bool UseParallelGC                            = true                                      {product} {command line}

Logging:
Log output configuration:
 #0: stdout all=off uptime,level,tags foldmultilines=false
 #1: stderr all=off uptime,level,tags foldmultilines=false

Release file:
JAVA_VERSION="21.0.10" 
MODULES="java.base java.compiler java.datatransfer java.xml java.prefs java.desktop java.instrument java.logging java.management java.security.sasl java.naming java.rmi java.management.rmi java.net.http java.scripting java.security.jgss java.transaction.xa java.sql java.sql.rowset java.xml.crypto java.se java.smartcardio jdk.accessibility jdk.internal.jvmstat jdk.attach jdk.charsets jdk.internal.opt jdk.zipfs jdk.compiler jdk.crypto.ec jdk.crypto.cryptoki jdk.crypto.mscapi jdk.dynalink jdk.internal.ed jdk.editpad jdk.hotspot.agent jdk.httpserver jdk.internal.le jdk.internal.vm.ci jdk.internal.vm.compiler jdk.internal.vm.compiler.management jdk.jartool jdk.javadoc jdk.jcmd jdk.management jdk.management.agent jdk.jconsole jdk.jdeps jdk.jdwp.agent jdk.jdi jdk.jfr jdk.jshell jdk.jsobject jdk.jstatd jdk.localedata jdk.management.jfr jdk.naming.dns jdk.naming.rmi jdk.net jdk.nio.mapmode jdk.random jdk.sctp jdk.security.auth jdk.security.jgss jdk.unsupported jdk.unsupported.desktop jdk.xml.dom" 

Environment Variables:
JAVA_HOME=C:\Program Files\Java\jdk-19\bin
PATH=C:\Users\Dell\AppData\Local\Programs\Microsoft VS Code;C:\Program Files\Common Files\Oracle\Java\javapath;C:\Windows\system32;C:\Windows;C:\Windows\System32\Wbem;C:\Windows\System32\WindowsPowerShell\v1.0\;C:\Windows\System32\OpenSSH\;C:\ProgramData\chocolatey\bin;C:\Program Files\nodejs\;C:\Program Files\dotnet\;C:\Users\Dell\OneDrive\Desktop\WEB NEW;C:\Program Files\Java\jdk-21\bin;C:\Program Files\Git\cmd;C:\Program Files\WireGuard\;C:\Users\Dell\AppData\Local\Programs\Eclipse Adoptium\jdk-21.0.8.9-hotspot\bin;C:\Program Files\MySQL\MySQL Shell 9.4\bin\;C:\Users\Dell\AppData\Local\Programs\Python\Launcher\;C:\Users\Dell\AppData\Local\Microsoft\WindowsApps;C:\Program Files (x86)\Brackets\;C:\Users\Dell\AppData\Local\GitHubDesktop\bin;C:\Users\Dell\AppData\Roaming\npm;C:\Users\Dell\AppData\Local\Programs\Microsoft VS Code\bin
USERNAME=Dell
OS=Windows_NT
PROCESSOR_IDENTIFIER=Intel64 Family 6 Model 142 Stepping 9, GenuineIntel
TMP=C:\Users\Dell\AppData\Local\Temp
TEMP=C:\Users\Dell\AppData\Local\Temp




Periodic native trim disabled

---------------  S Y S T E M  ---------------

OS:
 Windows 10 , 64 bit Build 19041 (10.0.19041.7291)
OS uptime: 0 days 3:30 hours

CPU: total 4 (initial active 4) (2 cores per cpu, 2 threads per core) family 6 model 142 stepping 9 microcode 0xb4, cx8, cmov, fxsr, ht, mmx, 3dnowpref, sse, sse2, sse3, ssse3, sse4.1, sse4.2, popcnt, lzcnt, tsc, tscinvbit, avx, avx2, aes, erms, clmul, bmi1, bmi2, adx, fma, vzeroupper, clflush, clflushopt, rdtscp, f16c
Processor Information for the first 4 processors :
  Max Mhz: 2300, Current Mhz: 2300, Mhz Limit: 2300

Memory: 4k page, system-wide physical 3962M (60M free)
TotalPageFile size 16250M (AvailPageFile size 4M)
current process WorkingSet (physical memory assigned to process): 169M, peak: 172M
current process commit charge ("private bytes"): 286M, peak: 288M

vm_info: OpenJDK 64-Bit Server VM (21.0.10+7-LTS) for windows-amd64 JRE (21.0.10+7-LTS), built on 2026-01-20T00:00:00Z by "admin" with MS VC++ 17.12 (VS2022)

END.
